<?xml version="1.0" encoding="UTF-8"?>
<testsuite name="doge.controller.UsersRestControllerTest" time="0" tests="1" errors="0" skipped="1" failures="0">
  <properties>
[...]
</properties>
  <testcase name="getUser" classname="doge.controller.UsersRestControllerTest" time="0">
    <skipped/>
    <system-out><![CDATA[23:22:21.658 [main] DEBUG o.s.t.c.j.SpringJUnit4ClassRunner - SpringJUnit4ClassRunner constructor called with [class doge.controller.UsersRestControllerTest].
23:22:21.706 [main] DEBUG o.s.test.context.BootstrapUtils - Instantiating CacheAwareContextLoaderDelegate from class [org.springframework.test.context.cache.DefaultCacheAwareContextLoaderDelegate]
23:22:21.755 [main] DEBUG o.s.test.context.BootstrapUtils - Instantiating BootstrapContext using constructor [public org.springframework.test.context.support.DefaultBootstrapContext(java.lang.Class,org.springframework.test.context.CacheAwareContextLoaderDelegate)]
23:22:21.813 [main] DEBUG o.s.test.context.BootstrapUtils - Instantiating TestContextBootstrapper for test class [doge.controller.UsersRestControllerTest] from class [org.springframework.test.context.web.WebTestContextBootstrapper]
23:22:21.969 [main] DEBUG o.s.t.c.s.AbstractDelegatingSmartContextLoader - Delegating to AnnotationConfigWebContextLoader to process context configuration [ContextConfigurationAttributes@64729b1e declaringClass = 'doge.controller.UsersRestControllerTest', classes = '{class doge.controller.TestConfiguration}', locations = '{}', inheritLocations = true, initializers = '{}', inheritInitializers = true, name = [null], contextLoaderClass = 'org.springframework.test.context.ContextLoader'].
23:22:22.026 [main] DEBUG o.s.t.c.w.WebTestContextBootstrapper - @TestExecutionListeners is not present for class [doge.controller.UsersRestControllerTest]: using defaults.
23:22:22.075 [main] INFO  o.s.t.c.w.WebTestContextBootstrapper - Loaded default TestExecutionListener class names from location [META-INF/spring.factories]: [org.springframework.test.context.web.ServletTestExecutionListener, org.springframework.test.context.support.DependencyInjectionTestExecutionListener, org.springframework.test.context.support.DirtiesContextTestExecutionListener, org.springframework.test.context.transaction.TransactionalTestExecutionListener, org.springframework.test.context.jdbc.SqlScriptsTestExecutionListener]
23:22:22.282 [main] INFO  o.s.t.c.w.WebTestContextBootstrapper - Using TestExecutionListeners: [org.springframework.test.context.web.ServletTestExecutionListener@1e7c7811, org.springframework.test.context.support.DependencyInjectionTestExecutionListener@77ec78b9, org.springframework.test.context.support.DirtiesContextTestExecutionListener@1a3869f4, org.springframework.test.context.transaction.TransactionalTestExecutionListener@a38d7a3, org.springframework.test.context.jdbc.SqlScriptsTestExecutionListener@77f99a05]
23:22:22.302 [main] DEBUG o.s.t.annotation.ProfileValueUtils - Retrieved @ProfileValueSourceConfiguration [null] for test class [doge.controller.UsersRestControllerTest]
23:22:22.309 [main] DEBUG o.s.t.annotation.ProfileValueUtils - Retrieved ProfileValueSource type [class org.springframework.test.annotation.SystemProfileValueSource] for class [doge.controller.UsersRestControllerTest]
23:22:22.325 [main] DEBUG o.s.t.c.j.SpringJUnit4ClassRunner - SpringJUnit4ClassRunner constructor called with [class doge.controller.UsersRestControllerTest].
23:22:22.327 [main] DEBUG o.s.test.context.BootstrapUtils - Instantiating CacheAwareContextLoaderDelegate from class [org.springframework.test.context.cache.DefaultCacheAwareContextLoaderDelegate]
23:22:22.329 [main] DEBUG o.s.test.context.BootstrapUtils - Instantiating BootstrapContext using constructor [public org.springframework.test.context.support.DefaultBootstrapContext(java.lang.Class,org.springframework.test.context.CacheAwareContextLoaderDelegate)]
23:22:22.330 [main] DEBUG o.s.test.context.BootstrapUtils - Instantiating TestContextBootstrapper for test class [doge.controller.UsersRestControllerTest] from class [org.springframework.test.context.web.WebTestContextBootstrapper]
23:22:22.343 [main] DEBUG o.s.t.c.s.AbstractDelegatingSmartContextLoader - Delegating to AnnotationConfigWebContextLoader to process context configuration [ContextConfigurationAttributes@8646db9 declaringClass = 'doge.controller.UsersRestControllerTest', classes = '{class doge.controller.TestConfiguration}', locations = '{}', inheritLocations = true, initializers = '{}', inheritInitializers = true, name = [null], contextLoaderClass = 'org.springframework.test.context.ContextLoader'].
23:22:22.347 [main] DEBUG o.s.t.c.w.WebTestContextBootstrapper - @TestExecutionListeners is not present for class [doge.controller.UsersRestControllerTest]: using defaults.
23:22:22.357 [main] INFO  o.s.t.c.w.WebTestContextBootstrapper - Loaded default TestExecutionListener class names from location [META-INF/spring.factories]: [org.springframework.test.context.web.ServletTestExecutionListener, org.springframework.test.context.support.DependencyInjectionTestExecutionListener, org.springframework.test.context.support.DirtiesContextTestExecutionListener, org.springframework.test.context.transaction.TransactionalTestExecutionListener, org.springframework.test.context.jdbc.SqlScriptsTestExecutionListener]
23:22:22.359 [main] INFO  o.s.t.c.w.WebTestContextBootstrapper - Using TestExecutionListeners: [org.springframework.test.context.web.ServletTestExecutionListener@7a30d1e6, org.springframework.test.context.support.DependencyInjectionTestExecutionListener@5891e32e, org.springframework.test.context.support.DirtiesContextTestExecutionListener@cb0ed20, org.springframework.test.context.transaction.TransactionalTestExecutionListener@8e24743, org.springframework.test.context.jdbc.SqlScriptsTestExecutionListener@74a10858]
23:22:22.360 [main] DEBUG o.s.t.annotation.ProfileValueUtils - Retrieved @ProfileValueSourceConfiguration [null] for test class [doge.controller.UsersRestControllerTest]
23:22:22.362 [main] DEBUG o.s.t.annotation.ProfileValueUtils - Retrieved ProfileValueSource type [class org.springframework.test.annotation.SystemProfileValueSource] for class [doge.controller.UsersRestControllerTest]
23:22:22.368 [main] DEBUG o.s.t.annotation.ProfileValueUtils - Retrieved @ProfileValueSourceConfiguration [null] for test class [doge.controller.UsersRestControllerTest]
23:22:22.368 [main] DEBUG o.s.t.annotation.ProfileValueUtils - Retrieved ProfileValueSource type [class org.springframework.test.annotation.SystemProfileValueSource] for class [doge.controller.UsersRestControllerTest]
]]></system-out>
  </testcase>
</testsuite>